<?xml version="1.0" encoding="UTF-8"?>
<!-- Generated by org.testng.reporters.JUnitReportReporter -->
<testsuite hostname="gurhanPro" name="com.gurhanpro.amazonTest.AmazanTest.AmazonTest" tests="1" failures="0" timestamp="29 Apr 2016 12:40:14 GMT" time="84.235" errors="0">
  <testcase name="f" time="84.235" classname="com.gurhanpro.amazonTest.AmazanTest.AmazonTest"/>
</testsuite> <!-- com.gurhanpro.amazonTest.AmazanTest.AmazonTest -->
